[2025-04-21 11:58:32] Starting Spark session...
[2025-04-21 11:59:17] Reading raw CSV data...
[2025-04-21 11:59:24] Cleaning binary columns...
[2025-04-21 11:59:24] Casting numeric columns...
[2025-04-21 11:59:25] Encoding target classification column...
[2025-04-21 11:59:25] Creating age bands...
[2025-04-21 11:59:25] Writing temporary CSV...
[2025-04-21 11:59:28] Moving CSV to final location...
[2025-04-21 11:59:28] CSV cleaned and saved to: C:\Users\mngyn\hemodialysis_trends_pipeline\scripts\../data/clean/kidney_disease_cleaned.csv
[2025-04-21 11:59:28] Loading cleaned CSV into pandas...
[2025-04-21 11:59:28] Renaming columns to descriptive names...
[2025-04-21 11:59:28] Renamed CSV saved to: C:\Users\mngyn\hemodialysis_trends_pipeline\scripts\../data/clean/kidney_disease_cleaned.csv
[2025-04-21 11:59:28] Connecting to PostgreSQL database...
[2025-04-21 11:59:29] Type of engine: <class 'sqlalchemy.engine.base.Engine'>
[2025-04-21 11:59:29] SQLAlchemy engine: Engine(postgresql+psycopg2://postgres:***@localhost:5432/kidney_disease_db)
[2025-04-21 11:59:29] Uploading data to PostgreSQL table 'dialysis_cleaned'...
[2025-04-21 11:59:30] Data loaded into PostgreSQL table: dialysis_cleaned
[2025-04-21 11:59:30] ETL job completed successfully.
[2025-04-21 13:18:23] Starting Spark session...
[2025-04-21 13:18:50] Reading raw CSV data...
[2025-04-21 13:19:08] Cleaning binary columns...
[2025-04-21 13:19:09] Casting numeric columns...
[2025-04-21 13:19:09] Encoding target classification column...
[2025-04-21 13:19:09] Creating age bands...
[2025-04-21 13:19:09] Writing temporary CSV...
[2025-04-21 13:19:13] Moving CSV to final location...
[2025-04-21 13:19:13] CSV cleaned and saved to: /mnt/c/Users/mngyn/hemodialysis_trends_pipeline/scripts/../data/clean/kidney_disease_cleaned.csv
[2025-04-21 13:19:13] Loading cleaned CSV into pandas...
[2025-04-21 13:19:13] Renaming columns to descriptive names...
[2025-04-21 13:19:14] Renamed CSV saved to: /mnt/c/Users/mngyn/hemodialysis_trends_pipeline/scripts/../data/clean/kidney_disease_cleaned.csv
[2025-04-21 13:19:14] Connecting to PostgreSQL database...
[2025-04-21 13:19:14] Type of engine: <class 'sqlalchemy.engine.base.Engine'>
[2025-04-21 13:19:14] SQLAlchemy engine: Engine(postgresql+psycopg2://postgres:***@localhost:5432/kidney_disease_db)
[2025-04-21 13:19:14] Uploading data to PostgreSQL table 'dialysis_cleaned'...
